<?xml version="1.0" encoding="UTF-8"?>
<testsuite name="com.erp.mes.test.MemberRestControllerTest" tests="3" skipped="0" failures="0" errors="0" timestamp="2024-09-11T04:15:59" hostname="JIHYE" time="0.22">
  <properties/>
  <testcase name="delete()" classname="com.erp.mes.test.MemberRestControllerTest" time="0.186"/>
  <testcase name="update()" classname="com.erp.mes.test.MemberRestControllerTest" time="0.015"/>
  <testcase name="join()" classname="com.erp.mes.test.MemberRestControllerTest" time="0.012"/>
  <system-out><![CDATA[2024-09-11T13:15:59.393+09:00  INFO 11948 --- [    Test worker] o.s.mock.web.MockServletContext          : Initializing Spring TestDispatcherServlet ''
2024-09-11T13:15:59.393+09:00  INFO 11948 --- [    Test worker] o.s.t.web.servlet.TestDispatcherServlet  : Initializing Servlet ''
2024-09-11T13:15:59.396+09:00  INFO 11948 --- [    Test worker] o.s.t.web.servlet.TestDispatcherServlet  : Completed initialization in 0 ms
2024-09-11T13:15:59.418+09:00  INFO 11948 --- [    Test worker] o.s.mock.web.MockServletContext          : Initializing Spring TestDispatcherServlet ''
2024-09-11T13:15:59.418+09:00  INFO 11948 --- [    Test worker] o.s.t.web.servlet.TestDispatcherServlet  : Initializing Servlet ''
2024-09-11T13:15:59.419+09:00  INFO 11948 --- [    Test worker] o.s.t.web.servlet.TestDispatcherServlet  : Completed initialization in 1 ms
2024-09-11T13:15:59.431+09:00  INFO 11948 --- [    Test worker] o.s.mock.web.MockServletContext          : Initializing Spring TestDispatcherServlet ''
2024-09-11T13:15:59.432+09:00  INFO 11948 --- [    Test worker] o.s.t.web.servlet.TestDispatcherServlet  : Initializing Servlet ''
2024-09-11T13:15:59.432+09:00  INFO 11948 --- [    Test worker] o.s.t.web.servlet.TestDispatcherServlet  : Completed initialization in 0 ms
]]></system-out>
  <system-err><![CDATA[]]></system-err>
</testsuite>
