<?xml version="1.0" encoding="UTF-8"?>
<testsuite name="com.erp.mes.ErpServiceApplicationTests" tests="1" skipped="0" failures="0" errors="0" timestamp="2024-09-11T04:15:58" hostname="JIHYE" time="0.64">
  <properties/>
  <testcase name="contextLoads()" classname="com.erp.mes.ErpServiceApplicationTests" time="0.64"/>
  <system-out><![CDATA[13:15:56.380 [Test worker] INFO org.springframework.test.context.support.AnnotationConfigContextLoaderUtils -- Could not detect default configuration classes for test class [com.erp.mes.ErpServiceApplicationTests]: ErpServiceApplicationTests does not declare any static, non-private, non-final, nested classes annotated with @Configuration.
13:15:56.473 [Test worker] INFO org.springframework.boot.test.context.SpringBootTestContextBootstrapper -- Found @SpringBootConfiguration com.erp.mes.ErpServiceApplication for test class com.erp.mes.ErpServiceApplicationTests

  .   ____          _            __ _ _
 /\\ / ___'_ __ _ _(_)_ __  __ _ \ \ \ \
( ( )\___ | '_ | '_| | '_ \/ _` | \ \ \ \
 \\/  ___)| |_)| | | | | || (_| |  ) ) ) )
  '  |____| .__|_| |_|_| |_\__, | / / / /
 =========|_|==============|___/=/_/_/_/

 :: Spring Boot ::                (v3.3.2)

2024-09-11T13:15:56.767+09:00  INFO 11948 --- [    Test worker] com.erp.mes.ErpServiceApplicationTests   : Starting ErpServiceApplicationTests using Java 17.0.12 with PID 11948 (started by peppe in C:\Users\peppe\pepperismeow\ERP_Service)
2024-09-11T13:15:56.768+09:00  INFO 11948 --- [    Test worker] com.erp.mes.ErpServiceApplicationTests   : No active profile set, falling back to 1 default profile: "default"
2024-09-11T13:15:57.666+09:00  WARN 11948 --- [    Test worker] trationDelegate$BeanPostProcessorChecker : Bean 'org.springframework.ws.config.annotation.DelegatingWsConfiguration' of type [org.springframework.ws.config.annotation.DelegatingWsConfiguration$$SpringCGLIB$$0] is not eligible for getting processed by all BeanPostProcessors (for example: not eligible for auto-proxying). The currently created BeanPostProcessor [annotationActionEndpointMapping] is declared through a non-static factory method on that class; consider declaring it as static instead.
2024-09-11T13:15:57.690+09:00  INFO 11948 --- [    Test worker] .w.s.a.s.AnnotationActionEndpointMapping : Supporting [WS-Addressing August 2004, WS-Addressing 1.0]
2024-09-11T13:15:58.067+09:00  INFO 11948 --- [    Test worker] o.s.b.a.w.s.WelcomePageHandlerMapping    : Adding welcome page template: index
2024-09-11T13:15:58.534+09:00  INFO 11948 --- [    Test worker] com.erp.mes.ErpServiceApplicationTests   : Started ErpServiceApplicationTests in 1.941 seconds (process running for 2.977)
]]></system-out>
  <system-err><![CDATA[]]></system-err>
</testsuite>
